1725766761767	geckodriver	INFO	Listening on 127.0.0.1:51617
1725766764818	mozrunner::runner	INFO	Running command: "C:\\Users\\Shree\\.cache\\selenium\\firefox\\win64\\130.0\\firefox.exe" "--marionette" "--remote-debugging- ... 8" "--remote-allow-hosts" "localhost" "-no-remote" "-profile" "C:\\Users\\Shree\\AppData\\Local\\Temp\\rust_mozprofilesDX5A1"
console.warn: services.settings: Ignoring preference override of remote settings server
console.warn: services.settings: Allow by setting MOZ_REMOTE_SETTINGS_DEVTOOLS=1 in the environment
Dynamically enable window occlusion 0
1725766765682	Marionette	INFO	Marionette enabled
1725766765870	Marionette	INFO	Listening on port 51627
WebDriver BiDi listening on ws://127.0.0.1:51618
Read port: 51627
1725766766172	RemoteAgent	WARN	TLS certificate errors will be ignored for this session
JavaScript warning: https://pagead2.googlesyndication.com/bg/otmpq_5Sc9fYfPuQxysTHuuSP044UctWkfAsKaqW5jU.js line 2 > eval line 5675 > eval line 1 > eval line 1 > eval, line 1: WEBGL_debug_renderer_info is deprecated in Firefox and will be removed. Please use RENDERER.
JavaScript warning: https://pagead2.googlesyndication.com/bg/otmpq_5Sc9fYfPuQxysTHuuSP044UctWkfAsKaqW5jU.js line 2 > eval line 3001 > eval line 1 > eval line 1 > eval, line 1: WEBGL_debug_renderer_info is deprecated in Firefox and will be removed. Please use RENDERER.
JavaScript error: https://s0.2mdn.net/sadbundle/4429065499090291778/300x250/index.html?ev=01_252, line 280: TypeError: studio.Enabler is undefined
JavaScript error: https://s0.2mdn.net/sadbundle/4429065499090291778/300x250/index.html?ev=01_252, line 280: TypeError: studio.Enabler is undefined
JavaScript error: https://s0.2mdn.net/sadbundle/90276031813618406/300x250/index.html?ev=01_252, line 280: TypeError: studio.Enabler is undefined
JavaScript warning: https://pagead2.googlesyndication.com/bg/otmpq_5Sc9fYfPuQxysTHuuSP044UctWkfAsKaqW5jU.js line 2 > eval line 7227 > eval line 1 > eval line 1 > eval, line 1: WEBGL_debug_renderer_info is deprecated in Firefox and will be removed. Please use RENDERER.
JavaScript warning: https://pagead2.googlesyndication.com/bg/otmpq_5Sc9fYfPuQxysTHuuSP044UctWkfAsKaqW5jU.js line 2 > eval line 5896 > eval line 1 > eval line 1 > eval, line 1: WEBGL_debug_renderer_info is deprecated in Firefox and will be removed. Please use RENDERER.
JavaScript warning: https://pagead2.googlesyndication.com/pagead/js/rum.js?fcd=true, line 86: Script terminated by timeout at:
V@https://pagead2.googlesyndication.com/pagead/js/rum.js?fcd=true:86:332
Qf/this.U@https://pagead2.googlesyndication.com/pagead/js/rum.js?fcd=true:84:190

1725766799020	Marionette	INFO	Stopped listening on port 51627
Dynamically enable window occlusion 1
console.warn: services.settings: main/top-sites sync interrupted by shutdown
console.warn: services.settings: main/translations-models sync interrupted by shutdown
console.warn: services.settings: main/sites-classification sync interrupted by shutdown
JavaScript error: , line 0: TypeError: NetworkError when attempting to fetch resource.
JavaScript error: , line 0: TypeError: NetworkError when attempting to fetch resource.
JavaScript error: , line 0: TypeError: NetworkError when attempting to fetch resource.
JavaScript error: , line 0: TypeError: NetworkError when attempting to fetch resource.
console.warn: services.settings: main/anti-tracking-url-decoration sync interrupted by shutdown
console.warn: services.settings: main/hijack-blocklists sync interrupted by shutdown
console.warn: services.settings: main/pioneer-study-addons-v1 sync interrupted by shutdown
console.error: (new AbortError("IndexedDB: main/rally-studies-v1 getLastModified() IndexedDB:  execute() A request was aborted, for example through a call to IDBTransaction.abort.", "resource://services-settings/IDBHelpers.sys.mjs", 16))
