==============================================================================
OrgeHRM                                                                       
==============================================================================
OrgeHRM.Dropw                                                                 
==============================================================================
Open_browser :: Open browser, login, and navigate to 'My Info' sec...   
  Traceback (most recent call last):
    ~~~~~~~~~~~~~~~~~~~~~~~~~~~~~~~~~~~~~~~~~~~~~~~~~~~~~~~~~~~~~~~~~~~~~~~~~~
    File  C:\Users\Shree\Desktop\New_Python\OrgeHRM\dropw.robot:11
    T:  Open_browser    
    ~~~~~~~~~~~~~~~~~~~~~~~~~~~~~~~~~~~~~~~~~~~~~~~~~~~~~~~~~~~~~~~~~~~~~~~~~~
    File  C:\Users\Shree\Desktop\New_Python\OrgeHRM\dropw.robot:15
      LoginTesting    
    ~~~~~~~~~~~~~~~~~~~~~~~~~~~~~~~~~~~~~~~~~~~~~~~~~~~~~~~~~~~~~~~~~~~~~~~~~~
    File  C:\Users\Shree\Desktop\New_Python\OrgeHRM\dropw.robot:27
      Click Element    xpath://label[text()='Marital Status']/following::div[1]
______________________________________________________________________________
| FAIL |
ElementClickInterceptedException: Message: element click intercepted: Element <div data-v-957b4417="" class="">...</div> is not clickable at point (915, 567). Other element would receive the click: <div data-v-d5bfe35b="" class="oxd-form-loader">...</div>
  (Session info: chrome=129.0.6668.70)
Stacktrace:
	GetHandleVerifier [0x00007FF69D3AB125+29573]
	(No symbol) [0x00007FF69D31FF50]
	(No symbol) [0x00007FF69D1DB6EA]
	(No symbol) [0x00007FF69D2374EE]
	(No symbol) [0x00007FF69D234F3C]
	(No symbol) [0x00007FF69D232408]
	(No symbol) [0x00007FF69D23161A]
	(No symbol) [0x00007FF69D2236BE]
	(No symbol) [0x00007FF69D2572FA]
	(No symbol) [0x00007FF69D222FF6]
	(No symbol) [0x00007FF69D257510]
	(No symbol) [0x00007FF69D2786BC]
	(No symbol) [0x00007FF69D2570A3]
	(No symbol) [0x00007FF69D2212DF]
	(No symbol) [0x00007FF69D222441]
	GetHandleVerifier [0x00007FF69D6DC76D+3377613]
	GetHandleVerifier [0x00007FF69D727B67+3685831]
	GetHandleVerifier [0x00007FF69D71CF8B+3641835]
	GetHandleVerifier [0x00007FF69D46B2A6+816390]
	(No symbol) [0x00007FF69D32B25F]
	(No symbol) [0x00007FF69D327084]
	(No symbol) [0x00007FF69D327220]
	(No symbol) [0x00007FF69D31607F]
	BaseThreadInitThunk [0x00007FFAACB07374+20]
	RtlUserThreadStart [0x00007FFAAD43CC91+33]
------------------------------------------------------------------------------
OrgeHRM.Dropw                                                         | FAIL |
1 test, 0 passed, 1 failed
==============================================================================
OrgeHRM                                                               | FAIL |
1 test, 0 passed, 1 failed
==============================================================================
Output:  C:\Users\Shree\Desktop\New_Python\Result\pabot_results\1\output.xml
