==============================================================================
Suites                                                                        
==============================================================================
Suites.Forloop                                                                
==============================================================================
ForLoop1                                                              0
1
2
3
4
5
6
7
8
9
| PASS |
------------------------------------------------------------------------------
ForLoop2                                                              1
2
3
4
5
6
7
8
| PASS |
------------------------------------------------------------------------------
ForLoop3                                                              1
2
3
4
5
| PASS |
------------------------------------------------------------------------------
ForLoop4                                                              Vishal
Mayur
Rishikesh
Krishna
Shilok
| PASS |
------------------------------------------------------------------------------
ForLoop5                                                              Arti vishal harane bhagwat Rukhminna
| PASS |
------------------------------------------------------------------------------
ForLoop6Exit                                                          1
2
3
| PASS |
------------------------------------------------------------------------------
Suites.Forloop                                                        | PASS |
6 tests, 6 passed, 0 failed
==============================================================================
Suites                                                                | PASS |
6 tests, 6 passed, 0 failed
==============================================================================
Output:  C:\Users\Shree\Desktop\New_Python\pabot_results\1\output.xml
